Base path: D:/Apps/Unity/Editor/Data
Pipe name: \\.\pipe\UnityShaderCompiler-64bit-1-17292
Cmd: getPlatforms
Cmd: preprocess
  insize=1816 outsize=308 ok=1
Cmd: compileSnippet
  api=4 type=0 insize=1807 outsize=2265 kw= pd= ok=1
Cmd: compileSnippet
  api=4 type=1 insize=1807 outsize=1136 kw= pd= ok=1
Cmd: compileCompute
  api=4 insize=653 outsize=765 ok=1
Cmd: compileCompute
  api=4 insize=653 outsize=765 ok=1
Cmd: compileCompute
  api=15 insize=653 outsize=1765 ok=1
Cmd: compileCompute
  api=9 insize=653 outsize=1665 ok=1
Cmd: compileCompute
  api=4 insize=603 outsize=861 ok=1
Cmd: compileCompute
  api=4 insize=603 outsize=861 ok=1
Cmd: compileCompute
  api=15 insize=603 outsize=2009 ok=1
Cmd: compileCompute
  api=9 insize=603 outsize=1913 ok=1
Cmd: preprocess
  insize=1886 outsize=308 ok=1
Cmd: compileSnippet
  api=4 type=0 insize=1877 outsize=1973 kw= pd= ok=1
Cmd: compileSnippet
  api=4 type=1 insize=1877 outsize=1136 kw= pd= ok=1
Cmd: preprocess
  insize=1884 outsize=308 ok=1
Cmd: compileSnippet
  api=4 type=0 insize=1875 outsize=2078 kw= pd= ok=1
Cmd: compileSnippet
  api=4 type=1 insize=1875 outsize=1136 kw= pd= ok=1
Cmd: compileCompute
  api=4 insize=610 outsize=845 ok=1
Cmd: compileCompute
  api=4 insize=610 outsize=845 ok=1
Cmd: compileCompute
  api=15 insize=610 outsize=2045 ok=1
Cmd: compileCompute
  api=9 insize=610 outsize=1961 ok=1
Cmd: compileCompute
  api=4 insize=650 outsize=945 ok=1
Cmd: compileCompute
  api=4 insize=650 outsize=945 ok=1
Cmd: compileCompute
  api=15 insize=650 outsize=2097 ok=1
Cmd: compileCompute
  api=9 insize=650 outsize=1997 ok=1
Cmd: compileCompute
  api=4 insize=650 outsize=977 ok=1
Cmd: compileCompute
  api=4 insize=650 outsize=977 ok=1
Cmd: compileCompute
  api=15 insize=650 outsize=2137 ok=1
Cmd: compileCompute
  api=9 insize=650 outsize=2037 ok=1
Cmd: compileCompute
  api=4 insize=683 outsize=1009 ok=1
Cmd: compileCompute
  api=4 insize=683 outsize=1009 ok=1
Cmd: compileCompute
  api=15 insize=683 outsize=2165 ok=1
Cmd: compileCompute
  api=9 insize=683 outsize=2065 ok=1
Cmd: compileCompute
  api=4 insize=793 outsize=1457 ok=1
Cmd: compileCompute
  api=4 insize=793 outsize=1457 ok=1
Cmd: compileCompute
  api=15 insize=793 outsize=3097 ok=1
Cmd: compileCompute
  api=9 insize=793 outsize=2873 ok=1
Cmd: compileCompute
  api=4 insize=837 outsize=1481 ok=1
Cmd: compileCompute
  api=4 insize=837 outsize=1481 ok=1
Cmd: compileCompute
  api=15 insize=837 outsize=3153 ok=1
Cmd: compileCompute
  api=9 insize=837 outsize=2925 ok=1
Cmd: compileCompute
  api=4 insize=841 outsize=985 ok=1
Cmd: compileCompute
  api=4 insize=841 outsize=985 ok=1
Cmd: compileCompute
  api=15 insize=841 outsize=2097 ok=1
Cmd: compileCompute
  api=9 insize=841 outsize=1949 ok=1
Cmd: compileCompute
  api=4 insize=841 outsize=957 ok=1
Cmd: compileCompute
  api=4 insize=841 outsize=957 ok=1
Cmd: compileCompute
  api=15 insize=841 outsize=2065 ok=1
Cmd: compileCompute
  api=9 insize=841 outsize=1921 ok=1
Cmd: compileCompute
  api=4 insize=841 outsize=985 ok=1
Cmd: compileCompute
  api=4 insize=841 outsize=985 ok=1
Cmd: compileCompute
  api=15 insize=841 outsize=2089 ok=1
Cmd: compileCompute
  api=9 insize=841 outsize=1941 ok=1
Cmd: compileCompute
  api=4 insize=839 outsize=1457 ok=1
Cmd: compileCompute
  api=4 insize=839 outsize=1457 ok=1
Cmd: compileCompute
  api=15 insize=839 outsize=3089 ok=1
Cmd: compileCompute
  api=9 insize=839 outsize=2865 ok=1
Cmd: compileCompute
  api=4 insize=837 outsize=1517 ok=1
Cmd: compileCompute
  api=4 insize=837 outsize=1517 ok=1
Cmd: compileCompute
  api=15 insize=837 outsize=3005 ok=1
Cmd: compileCompute
  api=9 insize=837 outsize=2785 ok=1
Cmd: compileCompute
  api=4 insize=866 outsize=1501 ok=1
Cmd: compileCompute
  api=4 insize=866 outsize=1501 ok=1
Cmd: compileCompute
  api=15 insize=866 outsize=2957 ok=1
Cmd: compileCompute
  api=9 insize=866 outsize=2729 ok=1
Cmd: compileCompute
  api=4 insize=866 outsize=1501 ok=1
Cmd: compileCompute
  api=4 insize=866 outsize=1501 ok=1
Cmd: compileCompute
  api=15 insize=866 outsize=2965 ok=1
Cmd: compileCompute
  api=9 insize=866 outsize=2737 ok=1
Cmd: compileCompute
  api=4 insize=1128 outsize=1501 ok=1
Cmd: compileCompute
  api=4 insize=1128 outsize=1501 ok=1
Cmd: compileCompute
  api=15 insize=1128 outsize=2965 ok=1
Cmd: compileCompute
  api=9 insize=1128 outsize=2741 ok=1
Cmd: compileCompute
  api=4 insize=1162 outsize=2321 ok=1
Cmd: compileCompute
  api=4 insize=1162 outsize=2321 ok=1
Cmd: compileCompute
  api=15 insize=1162 outsize=4609 ok=1
Cmd: compileCompute
  api=9 insize=1162 outsize=4281 ok=1
Cmd: compileCompute
  api=4 insize=1156 outsize=2321 ok=1
Cmd: compileCompute
  api=4 insize=1156 outsize=2321 ok=1
Cmd: compileCompute
  api=15 insize=1156 outsize=4609 ok=1
Cmd: compileCompute
  api=9 insize=1156 outsize=4277 ok=1
Cmd: compileCompute
  error: 2 plat 4 at GPUParticleUpdater.compute(37): invalid type for index - index must be a scalar, or a vector with the correct number of dimensions
  api=4 insize=1235 outsize=97 ok=0
Cmd: compileCompute
  error: 2 plat 4 at GPUParticleUpdater.compute(37): invalid type for index - index must be a scalar, or a vector with the correct number of dimensions
  api=4 insize=1235 outsize=97 ok=0
Cmd: compileCompute
  error: 2 plat 4 at GPUParticleUpdater.compute(37): invalid type for index - index must be a scalar, or a vector with the correct number of dimensions
  api=15 insize=1235 outsize=97 ok=0
Cmd: compileCompute
  error: 2 plat 4 at GPUParticleUpdater.compute(37): invalid type for index - index must be a scalar, or a vector with the correct number of dimensions
  api=9 insize=1235 outsize=97 ok=0
Cmd: compileCompute
  error: 2 plat 4 at GPUParticleUpdater.compute(37): invalid type for index - index must be a scalar, or a vector with the correct number of dimensions
  api=4 insize=1235 outsize=97 ok=0
Cmd: compileCompute
  error: 2 plat 4 at GPUParticleUpdater.compute(37): invalid type for index - index must be a scalar, or a vector with the correct number of dimensions
  api=4 insize=1236 outsize=97 ok=0
Cmd: compileCompute
  error: 2 plat 4 at GPUParticleUpdater.compute(37): invalid type for index - index must be a scalar, or a vector with the correct number of dimensions
  api=4 insize=1236 outsize=97 ok=0
Cmd: compileCompute
  error: 2 plat 4 at GPUParticleUpdater.compute(37): invalid type for index - index must be a scalar, or a vector with the correct number of dimensions
  api=15 insize=1236 outsize=97 ok=0
Cmd: compileCompute
  error: 2 plat 4 at GPUParticleUpdater.compute(37): invalid type for index - index must be a scalar, or a vector with the correct number of dimensions
  api=9 insize=1236 outsize=97 ok=0
Cmd: compileCompute
  error: 2 plat 4 at GPUParticleUpdater.compute(37): invalid type for index - index must be a scalar, or a vector with the correct number of dimensions
  api=4 insize=1236 outsize=97 ok=0
Cmd: compileCompute
  error: 2 plat 4 at GPUParticleUpdater.compute(37): invalid type for index - index must be a scalar, or a vector with the correct number of dimensions
  api=4 insize=1232 outsize=97 ok=0
Cmd: compileCompute
  error: 2 plat 4 at GPUParticleUpdater.compute(37): invalid type for index - index must be a scalar, or a vector with the correct number of dimensions
  api=4 insize=1232 outsize=97 ok=0
Cmd: compileCompute
  error: 2 plat 4 at GPUParticleUpdater.compute(37): invalid type for index - index must be a scalar, or a vector with the correct number of dimensions
  api=15 insize=1232 outsize=97 ok=0
Cmd: compileCompute
  error: 2 plat 4 at GPUParticleUpdater.compute(37): invalid type for index - index must be a scalar, or a vector with the correct number of dimensions
  api=9 insize=1232 outsize=97 ok=0
Cmd: compileCompute
  error: 2 plat 4 at GPUParticleUpdater.compute(37): invalid type for index - index must be a scalar, or a vector with the correct number of dimensions
  api=4 insize=1232 outsize=97 ok=0
Cmd: compileCompute
  error: 2 plat 4 at GPUParticleUpdater.compute(37): invalid type for index - index must be a scalar, or a vector with the correct number of dimensions
  api=4 insize=1234 outsize=97 ok=0
Cmd: compileCompute
  error: 2 plat 4 at GPUParticleUpdater.compute(37): invalid type for index - index must be a scalar, or a vector with the correct number of dimensions
  api=4 insize=1234 outsize=97 ok=0
Cmd: compileCompute
  error: 2 plat 4 at GPUParticleUpdater.compute(37): invalid type for index - index must be a scalar, or a vector with the correct number of dimensions
  api=15 insize=1234 outsize=97 ok=0
Cmd: compileCompute
  error: 2 plat 4 at GPUParticleUpdater.compute(37): invalid type for index - index must be a scalar, or a vector with the correct number of dimensions
  api=9 insize=1234 outsize=97 ok=0
Cmd: compileCompute
  error: 2 plat 4 at GPUParticleUpdater.compute(37): invalid type for index - index must be a scalar, or a vector with the correct number of dimensions
  api=4 insize=1234 outsize=97 ok=0
Cmd: compileCompute
  error: 2 plat 4 at GPUParticleUpdater.compute(38): invalid type for index - index must be a scalar, or a vector with the correct number of dimensions
  api=4 insize=1236 outsize=97 ok=0
Cmd: compileCompute
  error: 2 plat 4 at GPUParticleUpdater.compute(38): invalid type for index - index must be a scalar, or a vector with the correct number of dimensions
  api=4 insize=1236 outsize=97 ok=0
Cmd: compileCompute
  error: 2 plat 4 at GPUParticleUpdater.compute(38): invalid type for index - index must be a scalar, or a vector with the correct number of dimensions
  api=15 insize=1236 outsize=97 ok=0
Cmd: compileCompute
  error: 2 plat 4 at GPUParticleUpdater.compute(38): invalid type for index - index must be a scalar, or a vector with the correct number of dimensions
  api=9 insize=1236 outsize=97 ok=0
Cmd: compileCompute
  error: 2 plat 4 at GPUParticleUpdater.compute(38): invalid type for index - index must be a scalar, or a vector with the correct number of dimensions
  api=4 insize=1236 outsize=97 ok=0
Cmd: compileCompute
  error: 2 plat 4 at GPUParticleUpdater.compute(46): undeclared identifier 'idx'
  api=4 insize=1277 outsize=97 ok=0
Cmd: compileCompute
  error: 2 plat 4 at GPUParticleUpdater.compute(46): undeclared identifier 'idx'
  api=4 insize=1277 outsize=97 ok=0
Cmd: compileCompute
  error: 2 plat 4 at GPUParticleUpdater.compute(46): undeclared identifier 'idx'
  api=15 insize=1277 outsize=97 ok=0
Cmd: compileCompute
  error: 2 plat 4 at GPUParticleUpdater.compute(46): undeclared identifier 'idx'
  api=9 insize=1277 outsize=97 ok=0
Cmd: compileCompute
  error: 2 plat 4 at GPUParticleUpdater.compute(46): undeclared identifier 'idx'
  api=4 insize=1277 outsize=97 ok=0
Cmd: compileCompute
  error: 2 plat 4 at GPUParticleUpdater.compute(30): race condition writing to shared resource detected, consider making this write conditional.
  api=4 insize=1313 outsize=1773 ok=0
Cmd: compileCompute
  error: 2 plat 4 at GPUParticleUpdater.compute(30): race condition writing to shared resource detected, consider making this write conditional.
  api=4 insize=1313 outsize=1773 ok=0
Cmd: compileCompute
  error: 2 plat 4 at GPUParticleUpdater.compute(30): race condition writing to shared resource detected, consider making this write conditional.
  api=15 insize=1313 outsize=3501 ok=0
Cmd: compileCompute
  error: 2 plat 4 at GPUParticleUpdater.compute(30): race condition writing to shared resource detected, consider making this write conditional.
  api=9 insize=1313 outsize=3501 ok=0
Cmd: compileCompute
  error: 2 plat 4 at GPUParticleUpdater.compute(30): race condition writing to shared resource detected, consider making this write conditional.
  api=4 insize=1313 outsize=1773 ok=0
Cmd: compileCompute
  api=4 insize=1315 outsize=2689 ok=1
Cmd: compileCompute
  api=4 insize=1315 outsize=2689 ok=1
Cmd: compileCompute
  api=15 insize=1315 outsize=4769 ok=1
Cmd: compileCompute
  api=9 insize=1315 outsize=4477 ok=1
Cmd: compileCompute
  api=4 insize=1332 outsize=2565 ok=1
Cmd: compileCompute
  api=4 insize=1332 outsize=2565 ok=1
Cmd: compileCompute
  api=15 insize=1332 outsize=4761 ok=1
Cmd: compileCompute
  api=9 insize=1332 outsize=4457 ok=1
Cmd: compileCompute
  api=4 insize=1315 outsize=2689 ok=1
Cmd: compileCompute
  api=4 insize=1315 outsize=2689 ok=1
Cmd: compileCompute
  api=15 insize=1315 outsize=4769 ok=1
Cmd: compileCompute
  api=9 insize=1315 outsize=4477 ok=1
Cmd: compileCompute
  api=4 insize=1317 outsize=2641 ok=1
Cmd: compileCompute
  api=4 insize=1317 outsize=2641 ok=1
Cmd: compileCompute
  api=15 insize=1317 outsize=4857 ok=1
Cmd: compileCompute
  api=9 insize=1317 outsize=4573 ok=1
Cmd: compileCompute
  error: 2 plat 4 at GPUParticleUpdater.compute(28): undeclared identifier 'getIdxFromId'
  api=4 insize=1412 outsize=97 ok=0
Cmd: compileCompute
  error: 2 plat 4 at GPUParticleUpdater.compute(28): undeclared identifier 'getIdxFromId'
  api=4 insize=1412 outsize=97 ok=0
Cmd: compileCompute
  error: 2 plat 4 at GPUParticleUpdater.compute(28): undeclared identifier 'getIdxFromId'
  api=15 insize=1412 outsize=97 ok=0
Cmd: compileCompute
  error: 2 plat 4 at GPUParticleUpdater.compute(28): undeclared identifier 'getIdxFromId'
  api=9 insize=1412 outsize=97 ok=0
Cmd: compileCompute
  error: 2 plat 4 at GPUParticleUpdater.compute(28): undeclared identifier 'getIdxFromId'
  api=4 insize=1412 outsize=97 ok=0
Cmd: compileCompute
  error: 2 plat 4 at GPUParticleUpdater.compute(28): invalid subscript 'y'
  api=4 insize=1414 outsize=97 ok=0
Cmd: compileCompute
  error: 2 plat 4 at GPUParticleUpdater.compute(28): invalid subscript 'y'
  api=4 insize=1414 outsize=97 ok=0
Cmd: compileCompute
  error: 2 plat 4 at GPUParticleUpdater.compute(28): invalid subscript 'y'
  api=15 insize=1414 outsize=97 ok=0
Cmd: compileCompute
  error: 2 plat 4 at GPUParticleUpdater.compute(28): invalid subscript 'y'
  api=9 insize=1414 outsize=97 ok=0
Cmd: compileCompute
  error: 2 plat 4 at GPUParticleUpdater.compute(28): invalid subscript 'y'
  api=4 insize=1414 outsize=97 ok=0
Cmd: compileCompute
  api=4 insize=1415 outsize=2641 ok=1
Cmd: compileCompute
  api=4 insize=1415 outsize=2641 ok=1
Cmd: compileCompute
  api=15 insize=1415 outsize=4857 ok=1
Cmd: compileCompute
  api=9 insize=1415 outsize=4565 ok=1
Cmd: compileCompute
  error: 2 plat 4 at GPUParticleUpdater.compute(30): undeclared identifier 'getIdxFromId'
  api=4 insize=1415 outsize=97 ok=0
Cmd: compileCompute
  error: 2 plat 4 at GPUParticleUpdater.compute(30): undeclared identifier 'getIdxFromId'
  api=4 insize=1415 outsize=97 ok=0
Cmd: compileCompute
  error: 2 plat 4 at GPUParticleUpdater.compute(30): undeclared identifier 'getIdxFromId'
  api=15 insize=1415 outsize=97 ok=0
Cmd: compileCompute
  error: 2 plat 4 at GPUParticleUpdater.compute(30): undeclared identifier 'getIdxFromId'
  api=9 insize=1415 outsize=97 ok=0
Cmd: compileCompute
  error: 2 plat 4 at GPUParticleUpdater.compute(30): undeclared identifier 'getIdxFromId'
  api=4 insize=1415 outsize=97 ok=0
Cmd: compileCompute
  api=4 insize=1414 outsize=2641 ok=1
Cmd: compileCompute
  api=4 insize=1414 outsize=2641 ok=1
Cmd: compileCompute
  api=15 insize=1414 outsize=4857 ok=1
Cmd: compileCompute
  api=9 insize=1414 outsize=4565 ok=1
Cmd: compileCompute
  api=4 insize=1435 outsize=2641 ok=1
Cmd: compileCompute
  api=4 insize=1435 outsize=2641 ok=1
Cmd: compileCompute
  api=15 insize=1435 outsize=4857 ok=1
Cmd: compileCompute
  api=9 insize=1435 outsize=4565 ok=1
Cmd: compileCompute
  api=4 insize=1433 outsize=2641 ok=1
Cmd: compileCompute
  api=4 insize=1433 outsize=2641 ok=1
Cmd: compileCompute
  api=15 insize=1433 outsize=4857 ok=1
Cmd: compileCompute
  api=9 insize=1433 outsize=4565 ok=1
Cmd: compileCompute
  api=4 insize=1431 outsize=2689 ok=1
Cmd: compileCompute
  api=4 insize=1431 outsize=2689 ok=1
Cmd: compileCompute
  api=15 insize=1431 outsize=4769 ok=1
Cmd: compileCompute
  api=9 insize=1431 outsize=4473 ok=1
Cmd: compileCompute
  api=4 insize=1432 outsize=2689 ok=1
Cmd: compileCompute
  api=4 insize=1432 outsize=2689 ok=1
Cmd: compileCompute
  api=15 insize=1432 outsize=4769 ok=1
Cmd: compileCompute
  api=9 insize=1432 outsize=4473 ok=1
Cmd: compileCompute
  api=4 insize=1395 outsize=2689 ok=1
Cmd: compileCompute
  api=4 insize=1395 outsize=2689 ok=1
Cmd: compileCompute
  api=15 insize=1395 outsize=4769 ok=1
Cmd: compileCompute
  api=9 insize=1395 outsize=4473 ok=1
Cmd: compileCompute
  api=4 insize=1566 outsize=2689 ok=1
Cmd: compileCompute
  api=4 insize=1566 outsize=2689 ok=1
Cmd: compileCompute
  api=15 insize=1566 outsize=4769 ok=1
Cmd: compileCompute
  api=9 insize=1566 outsize=4473 ok=1
Cmd: compileCompute
  api=4 insize=1591 outsize=2721 ok=1
Cmd: compileCompute
  api=4 insize=1591 outsize=2721 ok=1
Cmd: compileCompute
  api=15 insize=1591 outsize=4837 ok=1
Cmd: compileCompute
  api=9 insize=1591 outsize=4545 ok=1
Cmd: compileCompute
  api=4 insize=1618 outsize=2753 ok=1
Cmd: compileCompute
  api=4 insize=1618 outsize=2753 ok=1
Cmd: compileCompute
  api=15 insize=1618 outsize=4905 ok=1
Cmd: compileCompute
  api=9 insize=1618 outsize=4613 ok=1
Cmd: compileCompute
  api=4 insize=1652 outsize=2721 ok=1
Cmd: compileCompute
  api=4 insize=1652 outsize=2721 ok=1
Cmd: compileCompute
  api=15 insize=1652 outsize=4837 ok=1
Cmd: compileCompute
  api=9 insize=1652 outsize=4545 ok=1
Cmd: compileCompute
  error: 2 plat 4 at GPUParticleUpdater.compute(50): the product of the arguments of numthreads(144,16,1) must be less than or equal to 1024
  api=4 insize=1653 outsize=1805 ok=0
Cmd: compileCompute
  error: 2 plat 4 at GPUParticleUpdater.compute(50): the product of the arguments of numthreads(144,16,1) must be less than or equal to 1024
  api=4 insize=1653 outsize=1805 ok=0
Cmd: compileCompute
  error: 2 plat 4 at GPUParticleUpdater.compute(50): the product of the arguments of numthreads(144,16,1) must be less than or equal to 1024
  api=15 insize=1653 outsize=3181 ok=0
Cmd: compileCompute
  error: 2 plat 4 at GPUParticleUpdater.compute(50): the product of the arguments of numthreads(144,16,1) must be less than or equal to 1024
  api=9 insize=1653 outsize=2981 ok=0
Cmd: compileCompute
  error: 2 plat 4 at GPUParticleUpdater.compute(50): the product of the arguments of numthreads(144,16,1) must be less than or equal to 1024
  api=4 insize=1653 outsize=1805 ok=0
Cmd: compileCompute
  error: 2 plat 4 at GPUParticleUpdater.compute(50): the product of the arguments of numthreads(144,16,1) must be less than or equal to 1024
  api=4 insize=1655 outsize=1805 ok=0
Cmd: compileCompute
  error: 2 plat 4 at GPUParticleUpdater.compute(50): the product of the arguments of numthreads(144,16,1) must be less than or equal to 1024
  api=4 insize=1655 outsize=1805 ok=0
Cmd: compileCompute
  error: 2 plat 4 at GPUParticleUpdater.compute(50): the product of the arguments of numthreads(144,16,1) must be less than or equal to 1024
  api=15 insize=1655 outsize=3181 ok=0
Cmd: compileCompute
  error: 2 plat 4 at GPUParticleUpdater.compute(50): the product of the arguments of numthreads(144,16,1) must be less than or equal to 1024
  api=9 insize=1655 outsize=2981 ok=0
Cmd: compileCompute
  error: 2 plat 4 at GPUParticleUpdater.compute(50): the product of the arguments of numthreads(144,16,1) must be less than or equal to 1024
  api=4 insize=1655 outsize=1805 ok=0
Cmd: compileCompute
  api=4 insize=1654 outsize=2721 ok=1
Cmd: compileCompute
  api=4 insize=1654 outsize=2721 ok=1
Cmd: compileCompute
  api=15 insize=1654 outsize=4837 ok=1
Cmd: compileCompute
  api=9 insize=1654 outsize=4545 ok=1
Cmd: compileCompute
  api=4 insize=1652 outsize=2753 ok=1
Cmd: compileCompute
  api=4 insize=1652 outsize=2753 ok=1
Cmd: compileCompute
  api=15 insize=1652 outsize=4905 ok=1
Cmd: compileCompute
  api=9 insize=1652 outsize=4613 ok=1
Cmd: compileCompute
  api=4 insize=1659 outsize=2753 ok=1
Cmd: compileCompute
  api=4 insize=1659 outsize=2753 ok=1
Cmd: compileCompute
  api=15 insize=1659 outsize=4905 ok=1
Cmd: compileCompute
  api=9 insize=1659 outsize=4613 ok=1
Cmd: compileCompute
  error: 2 plat 4 at GPUParticleUpdater.compute(52): incorrect number of arguments to numeric-type constructor
  api=4 insize=1617 outsize=97 ok=0
Cmd: compileCompute
  error: 2 plat 4 at GPUParticleUpdater.compute(52): incorrect number of arguments to numeric-type constructor
  api=4 insize=1617 outsize=97 ok=0
Cmd: compileCompute
  error: 2 plat 4 at GPUParticleUpdater.compute(52): incorrect number of arguments to numeric-type constructor
  api=15 insize=1617 outsize=97 ok=0
Cmd: compileCompute
  error: 2 plat 4 at GPUParticleUpdater.compute(52): incorrect number of arguments to numeric-type constructor
  api=9 insize=1617 outsize=97 ok=0
Cmd: compileCompute
  error: 2 plat 4 at GPUParticleUpdater.compute(52): incorrect number of arguments to numeric-type constructor
  api=4 insize=1617 outsize=97 ok=0
Cmd: compileCompute
  api=4 insize=1624 outsize=2737 ok=1
Cmd: compileCompute
  api=4 insize=1624 outsize=2737 ok=1
Cmd: compileCompute
  api=15 insize=1624 outsize=4897 ok=1
Cmd: compileCompute
  api=9 insize=1624 outsize=4605 ok=1
Cmd: compileCompute
  error: 2 plat 4 at GPUParticleUpdater.compute(52): incorrect number of arguments to numeric-type constructor
  api=4 insize=1617 outsize=97 ok=0
Cmd: compileCompute
  error: 2 plat 4 at GPUParticleUpdater.compute(52): incorrect number of arguments to numeric-type constructor
  api=4 insize=1617 outsize=97 ok=0
Cmd: compileCompute
  error: 2 plat 4 at GPUParticleUpdater.compute(52): incorrect number of arguments to numeric-type constructor
  api=15 insize=1617 outsize=97 ok=0
Cmd: compileCompute
  error: 2 plat 4 at GPUParticleUpdater.compute(52): incorrect number of arguments to numeric-type constructor
  api=9 insize=1617 outsize=97 ok=0
Cmd: compileCompute
  error: 2 plat 4 at GPUParticleUpdater.compute(52): incorrect number of arguments to numeric-type constructor
  api=4 insize=1617 outsize=97 ok=0
Cmd: compileCompute
  api=4 insize=1624 outsize=2737 ok=1
Cmd: compileCompute
  api=4 insize=1624 outsize=2737 ok=1
Cmd: compileCompute
  api=15 insize=1624 outsize=4897 ok=1
Cmd: compileCompute
  api=9 insize=1624 outsize=4605 ok=1
Cmd: compileCompute
  error: 2 plat 4 at GPUParticleUpdater.compute(33): undeclared identifier 'id'
  api=4 insize=1768 outsize=97 ok=0
Cmd: compileCompute
  error: 2 plat 4 at GPUParticleUpdater.compute(33): undeclared identifier 'id'
  api=4 insize=1768 outsize=97 ok=0
Cmd: compileCompute
  error: 2 plat 4 at GPUParticleUpdater.compute(33): undeclared identifier 'id'
  api=15 insize=1768 outsize=97 ok=0
Cmd: compileCompute
  error: 2 plat 4 at GPUParticleUpdater.compute(33): undeclared identifier 'id'
  api=9 insize=1768 outsize=97 ok=0
Cmd: compileCompute
  error: 2 plat 4 at GPUParticleUpdater.compute(33): undeclared identifier 'id'
  api=4 insize=1768 outsize=97 ok=0
Cmd: compileCompute
  api=4 insize=1770 outsize=2737 ok=1
Cmd: compileCompute
  api=4 insize=1770 outsize=2737 ok=1
Cmd: compileCompute
  api=15 insize=1770 outsize=4897 ok=1
Cmd: compileCompute
  api=9 insize=1770 outsize=4605 ok=1
Cmd: compileCompute
  error: 2 plat 4 at GPUParticleUpdater.compute(69): invalid type for index - index must be a scalar, or a vector with the correct number of dimensions
  api=4 insize=1856 outsize=97 ok=0
Cmd: compileCompute
  error: 2 plat 4 at GPUParticleUpdater.compute(69): invalid type for index - index must be a scalar, or a vector with the correct number of dimensions
  api=4 insize=1856 outsize=97 ok=0
Cmd: compileCompute
  error: 2 plat 4 at GPUParticleUpdater.compute(69): invalid type for index - index must be a scalar, or a vector with the correct number of dimensions
  api=15 insize=1856 outsize=97 ok=0
Cmd: compileCompute
  error: 2 plat 4 at GPUParticleUpdater.compute(69): invalid type for index - index must be a scalar, or a vector with the correct number of dimensions
  api=9 insize=1856 outsize=97 ok=0
Cmd: compileCompute
  error: 2 plat 4 at GPUParticleUpdater.compute(69): invalid type for index - index must be a scalar, or a vector with the correct number of dimensions
  api=4 insize=1856 outsize=97 ok=0
Cmd: compileCompute
  error: 2 plat 4 at GPUParticleUpdater.compute(68): invalid type for index - index must be a scalar, or a vector with the correct number of dimensions
  api=4 insize=1854 outsize=97 ok=0
Cmd: compileCompute
  error: 2 plat 4 at GPUParticleUpdater.compute(68): invalid type for index - index must be a scalar, or a vector with the correct number of dimensions
  api=4 insize=1854 outsize=97 ok=0
Cmd: compileCompute
  error: 2 plat 4 at GPUParticleUpdater.compute(68): invalid type for index - index must be a scalar, or a vector with the correct number of dimensions
  api=15 insize=1854 outsize=97 ok=0
Cmd: compileCompute
  error: 2 plat 4 at GPUParticleUpdater.compute(68): invalid type for index - index must be a scalar, or a vector with the correct number of dimensions
  api=9 insize=1854 outsize=97 ok=0
Cmd: compileCompute
  error: 2 plat 4 at GPUParticleUpdater.compute(68): invalid type for index - index must be a scalar, or a vector with the correct number of dimensions
  api=4 insize=1854 outsize=97 ok=0
Cmd: compileCompute
  api=4 insize=1850 outsize=2457 ok=1
Cmd: compileCompute
  api=4 insize=1850 outsize=2457 ok=1
Cmd: compileCompute
  api=15 insize=1850 outsize=4713 ok=1
Cmd: compileCompute
  api=9 insize=1850 outsize=4425 ok=1
Cmd: compileCompute
  api=4 insize=1878 outsize=2501 ok=1
Cmd: compileCompute
  api=4 insize=1878 outsize=2501 ok=1
Cmd: compileCompute
  api=15 insize=1878 outsize=4797 ok=1
Cmd: compileCompute
  api=9 insize=1878 outsize=4493 ok=1
Cmd: compileCompute
  api=4 insize=1872 outsize=2501 ok=1
Cmd: compileCompute
  api=4 insize=1872 outsize=2501 ok=1
Cmd: compileCompute
  api=15 insize=1872 outsize=4793 ok=1
Cmd: compileCompute
  api=9 insize=1872 outsize=4493 ok=1
Cmd: compileCompute
  api=4 insize=1874 outsize=2501 ok=1
Cmd: compileCompute
  api=4 insize=1874 outsize=2501 ok=1
Cmd: compileCompute
  api=15 insize=1874 outsize=4793 ok=1
Cmd: compileCompute
  api=9 insize=1874 outsize=4493 ok=1
Cmd: compileCompute
  api=4 insize=1881 outsize=2501 ok=1
Cmd: compileCompute
  api=4 insize=1881 outsize=2501 ok=1
Cmd: compileCompute
  api=15 insize=1881 outsize=4797 ok=1
Cmd: compileCompute
  api=9 insize=1881 outsize=4493 ok=1
Cmd: compileCompute
  api=4 insize=1877 outsize=2481 ok=1
Cmd: compileCompute
  api=4 insize=1877 outsize=2481 ok=1
Cmd: compileCompute
  api=15 insize=1877 outsize=4813 ok=1
Cmd: compileCompute
  api=9 insize=1877 outsize=4517 ok=1
Cmd: compileCompute
  api=4 insize=1878 outsize=2481 ok=1
Cmd: compileCompute
  api=4 insize=1878 outsize=2481 ok=1
Cmd: compileCompute
  api=15 insize=1878 outsize=4813 ok=1
Cmd: compileCompute
  api=9 insize=1878 outsize=4517 ok=1
Cmd: compileCompute
  api=4 insize=1868 outsize=2533 ok=1
Cmd: compileCompute
  api=4 insize=1868 outsize=2533 ok=1
Cmd: compileCompute
  api=15 insize=1868 outsize=4877 ok=1
Cmd: compileCompute
  api=9 insize=1868 outsize=4581 ok=1
Cmd: compileCompute
  api=4 insize=1867 outsize=2533 ok=1
Cmd: compileCompute
  api=4 insize=1867 outsize=2533 ok=1
Cmd: compileCompute
  api=15 insize=1867 outsize=4877 ok=1
Cmd: compileCompute
  api=9 insize=1867 outsize=4581 ok=1
Cmd: compileCompute
  api=4 insize=1868 outsize=2513 ok=1
Cmd: compileCompute
  api=4 insize=1868 outsize=2513 ok=1
Cmd: compileCompute
  api=15 insize=1868 outsize=4833 ok=1
Cmd: compileCompute
  api=9 insize=1868 outsize=4521 ok=1
Cmd: compileCompute
  api=4 insize=1662 outsize=2453 ok=1
Cmd: compileCompute
  api=4 insize=1662 outsize=2453 ok=1
Cmd: compileCompute
  api=15 insize=1662 outsize=4573 ok=1
Cmd: compileCompute
  api=9 insize=1662 outsize=4277 ok=1
Cmd: compileCompute
  api=4 insize=1699 outsize=2373 ok=1
Cmd: compileCompute
  api=4 insize=1699 outsize=2373 ok=1
Cmd: compileCompute
  api=15 insize=1699 outsize=4069 ok=1
Cmd: compileCompute
  api=9 insize=1699 outsize=3757 ok=1
Cmd: compileCompute
  api=4 insize=1701 outsize=2373 ok=1
Cmd: compileCompute
  api=4 insize=1701 outsize=2373 ok=1
Cmd: compileCompute
  api=15 insize=1701 outsize=4069 ok=1
Cmd: compileCompute
  api=9 insize=1701 outsize=3757 ok=1
Cmd: compileCompute
  api=4 insize=1722 outsize=2393 ok=1
Cmd: compileCompute
  api=4 insize=1722 outsize=2393 ok=1
Cmd: compileCompute
  api=15 insize=1722 outsize=4133 ok=1
Cmd: compileCompute
  api=9 insize=1722 outsize=3825 ok=1
Cmd: compileCompute
  api=4 insize=1744 outsize=3053 ok=1
Cmd: compileCompute
  api=4 insize=1744 outsize=3053 ok=1
Cmd: compileCompute
  api=15 insize=1744 outsize=5281 ok=1
Cmd: compileCompute
  api=9 insize=1744 outsize=5001 ok=1
Cmd: preprocess
  insize=2079 outsize=308 ok=1
Cmd: compileSnippet
  error: 1 plat 4 at (61): integer divides may be much slower, try using uints if possible.\nCompiling Vertex program
  api=4 type=0 insize=2070 outsize=2574 kw= pd= ok=1
Cmd: compileSnippet
  api=4 type=1 insize=2070 outsize=1136 kw= pd= ok=1
Cmd: compileCompute
  api=4 insize=1748 outsize=2737 ok=1
Cmd: compileCompute
  api=4 insize=1748 outsize=2737 ok=1
Cmd: compileCompute
  api=15 insize=1748 outsize=4897 ok=1
Cmd: compileCompute
  api=9 insize=1748 outsize=4605 ok=1
Cmd: preprocess
  insize=2077 outsize=308 ok=1
Cmd: compileSnippet
  error: 2 plat 4 at (61): undeclared identifier 'particleId'\nCompiling Vertex program
  api=4 type=0 insize=2068 outsize=0 kw= pd= ok=0
Cmd: preprocess
  insize=2082 outsize=308 ok=1
Cmd: compileSnippet
  error: 2 plat 4 at (61): undeclared identifier 'particleId'\nCompiling Vertex program
  api=4 type=0 insize=2073 outsize=0 kw= pd= ok=0
Cmd: preprocess
  insize=2080 outsize=308 ok=1
Cmd: compileSnippet
  error: 2 plat 4 at (61): undeclared identifier 'particleId'\nCompiling Vertex program
  api=4 type=0 insize=2071 outsize=0 kw= pd= ok=0
Cmd: preprocess
  insize=2075 outsize=308 ok=1
Cmd: compileSnippet
  error: 2 plat 4 at (61): undeclared identifier 'particleId'\nCompiling Vertex program
  api=4 type=0 insize=2066 outsize=0 kw= pd= ok=0
Cmd: preprocess
  insize=2078 outsize=308 ok=1
Cmd: compileSnippet
  error: 1 plat 4 at (61): integer divides may be much slower, try using uints if possible.\nCompiling Vertex program
  api=4 type=0 insize=2069 outsize=2070 kw= pd= ok=1
Cmd: compileSnippet
  api=4 type=1 insize=2069 outsize=1136 kw= pd= ok=1
Cmd: compileCompute
  api=4 insize=1746 outsize=3033 ok=1
Cmd: compileCompute
  api=4 insize=1746 outsize=3033 ok=1
Cmd: compileCompute
  api=15 insize=1746 outsize=5233 ok=1
Cmd: compileCompute
  api=9 insize=1746 outsize=4953 ok=1
Cmd: compileCompute
  api=4 insize=1756 outsize=3021 ok=1
Cmd: compileCompute
  api=4 insize=1756 outsize=3021 ok=1
Cmd: compileCompute
  api=15 insize=1756 outsize=5289 ok=1
Cmd: compileCompute
  api=9 insize=1756 outsize=5005 ok=1
Cmd: preprocess
  insize=2054 outsize=308 ok=1
Cmd: compileSnippet
  error: 1 plat 4 at (61): integer divides may be much slower, try using uints if possible.\nCompiling Vertex program
  api=4 type=0 insize=2045 outsize=2428 kw= pd= ok=1
Cmd: compileSnippet
  api=4 type=1 insize=2045 outsize=1136 kw= pd= ok=1
Cmd: compileCompute
  api=4 insize=1758 outsize=3033 ok=1
Cmd: compileCompute
  api=4 insize=1758 outsize=3033 ok=1
Cmd: compileCompute
  api=15 insize=1758 outsize=5233 ok=1
Cmd: compileCompute
  api=9 insize=1758 outsize=4953 ok=1
Cmd: compileCompute
  api=4 insize=1764 outsize=1941 ok=1
Cmd: compileCompute
  api=4 insize=1764 outsize=1941 ok=1
Cmd: compileCompute
  api=15 insize=1764 outsize=3393 ok=1
Cmd: compileCompute
  api=9 insize=1764 outsize=3141 ok=1
Cmd: preprocess
  insize=2066 outsize=308 ok=1
Cmd: compileSnippet
  error: 1 plat 4 at (61): integer divides may be much slower, try using uints if possible.\nCompiling Vertex program
  api=4 type=0 insize=2057 outsize=2330 kw= pd= ok=1
Cmd: compileSnippet
  api=4 type=1 insize=2057 outsize=1136 kw= pd= ok=1
Cmd: preprocess
  insize=2055 outsize=308 ok=1
Cmd: compileSnippet
  error: 1 plat 4 at (61): integer divides may be much slower, try using uints if possible.\nCompiling Vertex program
  api=4 type=0 insize=2046 outsize=2428 kw= pd= ok=1
Cmd: compileSnippet
  api=4 type=1 insize=2046 outsize=1136 kw= pd= ok=1
Cmd: preprocess
  insize=2054 outsize=308 ok=1
Cmd: preprocess
  insize=2055 outsize=308 ok=1
Cmd: compileSnippet
  error: 1 plat 4 at (61): integer divides may be much slower, try using uints if possible.\nCompiling Vertex program
  api=4 type=0 insize=2046 outsize=2428 kw= pd= ok=1
Cmd: compileSnippet
  api=4 type=1 insize=2046 outsize=1136 kw= pd= ok=1
Cmd: preprocess
  insize=1870 outsize=308 ok=1
Cmd: compileSnippet
  error: 2 plat 4 at (64): redefinition of 'vertex'\nCompiling Vertex program
  api=4 type=0 insize=1861 outsize=0 kw= pd= ok=0
Cmd: preprocess
  insize=1863 outsize=308 ok=1
Cmd: compileSnippet
  error: 1 plat 4 at (61): integer divides may be much slower, try using uints if possible.\nCompiling Vertex program
  api=4 type=0 insize=1854 outsize=2533 kw= pd= ok=1
Cmd: compileSnippet
  api=4 type=1 insize=1854 outsize=1136 kw= pd= ok=1
Cmd: preprocess
  insize=1865 outsize=308 ok=1
Cmd: compileSnippet
  error: 1 plat 4 at (61): integer divides may be much slower, try using uints if possible.\nCompiling Vertex program
  api=4 type=0 insize=1856 outsize=2428 kw= pd= ok=1
Cmd: compileSnippet
  api=4 type=1 insize=1856 outsize=1136 kw= pd= ok=1
Cmd: compileCompute
  api=4 insize=1762 outsize=2349 ok=1
Cmd: compileCompute
  api=4 insize=1762 outsize=2349 ok=1
Cmd: compileCompute
  api=15 insize=1762 outsize=4269 ok=1
Cmd: compileCompute
  api=9 insize=1762 outsize=3957 ok=1
Cmd: compileCompute
  api=4 insize=1760 outsize=2737 ok=1
Cmd: compileCompute
  api=4 insize=1760 outsize=2737 ok=1
Cmd: compileCompute
  api=15 insize=1760 outsize=4897 ok=1
Cmd: compileCompute
  api=9 insize=1760 outsize=4605 ok=1
Cmd: compileCompute
  api=4 insize=1762 outsize=2453 ok=1
Cmd: compileCompute
  api=4 insize=1762 outsize=2453 ok=1
Cmd: compileCompute
  api=15 insize=1762 outsize=4573 ok=1
Cmd: compileCompute
  api=9 insize=1762 outsize=4277 ok=1
Cmd: compileCompute
  api=4 insize=1729 outsize=2569 ok=1
Cmd: compileCompute
  api=4 insize=1729 outsize=2569 ok=1
Cmd: compileCompute
  api=15 insize=1729 outsize=4765 ok=1
Cmd: compileCompute
  api=9 insize=1729 outsize=4469 ok=1
Cmd: compileCompute
  api=4 insize=1597 outsize=2345 ok=1
Cmd: compileCompute
  api=4 insize=1597 outsize=2345 ok=1
Cmd: compileCompute
  api=15 insize=1597 outsize=4393 ok=1
Cmd: compileCompute
  api=9 insize=1597 outsize=4085 ok=1
Cmd: compileCompute
  api=4 insize=1587 outsize=2321 ok=1
Cmd: compileCompute
  api=4 insize=1587 outsize=2321 ok=1
Cmd: compileCompute
  api=15 insize=1587 outsize=4385 ok=1
Cmd: compileCompute
  api=9 insize=1587 outsize=4069 ok=1
Cmd: compileCompute
  api=4 insize=1595 outsize=2345 ok=1
Cmd: compileCompute
  api=4 insize=1595 outsize=2345 ok=1
Cmd: compileCompute
  api=15 insize=1595 outsize=4377 ok=1
Cmd: compileCompute
  api=9 insize=1595 outsize=4069 ok=1
Cmd: compileCompute
  api=4 insize=1620 outsize=2453 ok=1
Cmd: compileCompute
  api=4 insize=1620 outsize=2453 ok=1
Cmd: compileCompute
  api=15 insize=1620 outsize=4493 ok=1
Cmd: compileCompute
  api=9 insize=1620 outsize=4197 ok=1
Cmd: compileCompute
  api=4 insize=1630 outsize=2517 ok=1
Cmd: compileCompute
  api=4 insize=1630 outsize=2517 ok=1
Cmd: compileCompute
  api=15 insize=1630 outsize=4549 ok=1
Cmd: compileCompute
  api=9 insize=1630 outsize=4253 ok=1
Cmd: compileCompute
  error: 2 plat 4 at GPUParticleUpdater.compute(57): 'floor': no matching 0 parameter intrinsic function; Possible intrinsic functions are: floor(float|half|min10float|min16float)
  error: 2 plat 4 at GPUParticleUpdater.compute(58): syntax error: unexpected token 'uint3'
  api=4 insize=1778 outsize=97 ok=0
Cmd: compileCompute
  error: 2 plat 4 at GPUParticleUpdater.compute(57): 'floor': no matching 0 parameter intrinsic function; Possible intrinsic functions are: floor(float|half|min10float|min16float)
  error: 2 plat 4 at GPUParticleUpdater.compute(58): syntax error: unexpected token 'uint3'
  api=4 insize=1778 outsize=97 ok=0
Cmd: compileCompute
  error: 2 plat 4 at GPUParticleUpdater.compute(57): 'floor': no matching 0 parameter intrinsic function; Possible intrinsic functions are: floor(float|half|min10float|min16float)
  error: 2 plat 4 at GPUParticleUpdater.compute(58): syntax error: unexpected token 'uint3'
  api=15 insize=1778 outsize=97 ok=0
Cmd: compileCompute
  error: 2 plat 4 at GPUParticleUpdater.compute(57): 'floor': no matching 0 parameter intrinsic function; Possible intrinsic functions are: floor(float|half|min10float|min16float)
  error: 2 plat 4 at GPUParticleUpdater.compute(58): syntax error: unexpected token 'uint3'
  api=9 insize=1778 outsize=97 ok=0
Cmd: compileCompute
  error: 2 plat 4 at GPUParticleUpdater.compute(57): 'floor': no matching 0 parameter intrinsic function; Possible intrinsic functions are: floor(float|half|min10float|min16float)
  error: 2 plat 4 at GPUParticleUpdater.compute(58): syntax error: unexpected token 'uint3'
  api=4 insize=1778 outsize=97 ok=0
Cmd: compileCompute
  error: 2 plat 4 at GPUParticleUpdater.compute(57): 'floor': no matching 0 parameter intrinsic function; Possible intrinsic functions are: floor(float|half|min10float|min16float)
  error: 2 plat 4 at GPUParticleUpdater.compute(58): syntax error: unexpected token 'uint3'
  api=4 insize=1779 outsize=97 ok=0
Cmd: compileCompute
  error: 2 plat 4 at GPUParticleUpdater.compute(57): 'floor': no matching 0 parameter intrinsic function; Possible intrinsic functions are: floor(float|half|min10float|min16float)
  error: 2 plat 4 at GPUParticleUpdater.compute(58): syntax error: unexpected token 'uint3'
  api=4 insize=1779 outsize=97 ok=0
Cmd: compileCompute
  error: 2 plat 4 at GPUParticleUpdater.compute(57): 'floor': no matching 0 parameter intrinsic function; Possible intrinsic functions are: floor(float|half|min10float|min16float)
  error: 2 plat 4 at GPUParticleUpdater.compute(58): syntax error: unexpected token 'uint3'
  api=15 insize=1779 outsize=97 ok=0
Cmd: compileCompute
  error: 2 plat 4 at GPUParticleUpdater.compute(57): 'floor': no matching 0 parameter intrinsic function; Possible intrinsic functions are: floor(float|half|min10float|min16float)
  error: 2 plat 4 at GPUParticleUpdater.compute(58): syntax error: unexpected token 'uint3'
  api=9 insize=1779 outsize=97 ok=0
Cmd: compileCompute
  error: 2 plat 4 at GPUParticleUpdater.compute(57): 'floor': no matching 0 parameter intrinsic function; Possible intrinsic functions are: floor(float|half|min10float|min16float)
  error: 2 plat 4 at GPUParticleUpdater.compute(58): syntax error: unexpected token 'uint3'
  api=4 insize=1779 outsize=97 ok=0
Cmd: compileCompute
  error: 2 plat 4 at GPUParticleUpdater.compute(57): 'floor': no matching 0 parameter intrinsic function; Possible intrinsic functions are: floor(float|half|min10float|min16float)
  error: 2 plat 4 at GPUParticleUpdater.compute(57): syntax error: unexpected token ';'
  api=4 insize=1780 outsize=97 ok=0
Cmd: compileCompute
  error: 2 plat 4 at GPUParticleUpdater.compute(57): 'floor': no matching 0 parameter intrinsic function; Possible intrinsic functions are: floor(float|half|min10float|min16float)
  error: 2 plat 4 at GPUParticleUpdater.compute(57): syntax error: unexpected token ';'
  api=4 insize=1780 outsize=97 ok=0
Cmd: compileCompute
  error: 2 plat 4 at GPUParticleUpdater.compute(57): 'floor': no matching 0 parameter intrinsic function; Possible intrinsic functions are: floor(float|half|min10float|min16float)
  error: 2 plat 4 at GPUParticleUpdater.compute(57): syntax error: unexpected token ';'
  api=15 insize=1780 outsize=97 ok=0
Cmd: compileCompute
  error: 2 plat 4 at GPUParticleUpdater.compute(57): 'floor': no matching 0 parameter intrinsic function; Possible intrinsic functions are: floor(float|half|min10float|min16float)
  error: 2 plat 4 at GPUParticleUpdater.compute(57): syntax error: unexpected token ';'
  api=9 insize=1780 outsize=97 ok=0
Cmd: compileCompute
  error: 2 plat 4 at GPUParticleUpdater.compute(57): 'floor': no matching 0 parameter intrinsic function; Possible intrinsic functions are: floor(float|half|min10float|min16float)
  error: 2 plat 4 at GPUParticleUpdater.compute(57): syntax error: unexpected token ';'
  api=4 insize=1780 outsize=97 ok=0
Cmd: compileCompute
  error: 2 plat 4 at GPUParticleUpdater.compute(65): undeclared identifier '_Vertex'
  api=4 insize=1781 outsize=97 ok=0
Cmd: compileCompute
  error: 2 plat 4 at GPUParticleUpdater.compute(65): undeclared identifier '_Vertex'
  api=4 insize=1781 outsize=97 ok=0
Cmd: compileCompute
  error: 2 plat 4 at GPUParticleUpdater.compute(65): undeclared identifier '_Vertex'
  api=15 insize=1781 outsize=97 ok=0
Cmd: compileCompute
  error: 2 plat 4 at GPUParticleUpdater.compute(65): undeclared identifier '_Vertex'
  api=9 insize=1781 outsize=97 ok=0
Cmd: compileCompute
  error: 2 plat 4 at GPUParticleUpdater.compute(65): undeclared identifier '_Vertex'
  api=4 insize=1781 outsize=97 ok=0
Cmd: compileCompute
  api=4 insize=1783 outsize=2589 ok=1
Cmd: compileCompute
  api=4 insize=1783 outsize=2589 ok=1
Cmd: compileCompute
  api=15 insize=1783 outsize=4425 ok=1
Cmd: compileCompute
  api=9 insize=1783 outsize=4129 ok=1
Cmd: compileCompute
  api=4 insize=1791 outsize=2593 ok=1
Cmd: compileCompute
  api=4 insize=1791 outsize=2593 ok=1
Cmd: compileCompute
  api=15 insize=1791 outsize=4441 ok=1
Cmd: compileCompute
  api=9 insize=1791 outsize=4145 ok=1
Cmd: compileCompute
  api=4 insize=1792 outsize=2493 ok=1
Cmd: compileCompute
  api=4 insize=1792 outsize=2493 ok=1
Cmd: compileCompute
  api=15 insize=1792 outsize=4353 ok=1
Cmd: compileCompute
  api=9 insize=1792 outsize=4045 ok=1
Cmd: compileCompute
  api=4 insize=1792 outsize=2497 ok=1
Cmd: compileCompute
  api=4 insize=1792 outsize=2497 ok=1
Cmd: compileCompute
  api=15 insize=1792 outsize=4353 ok=1
Cmd: compileCompute
  api=9 insize=1792 outsize=4045 ok=1
Cmd: compileCompute
  api=4 insize=1791 outsize=2393 ok=1
Cmd: compileCompute
  api=4 insize=1791 outsize=2393 ok=1
Cmd: compileCompute
  api=15 insize=1791 outsize=4273 ok=1
Cmd: compileCompute
  api=9 insize=1791 outsize=3957 ok=1
Cmd: compileCompute
  api=4 insize=1806 outsize=2477 ok=1
Cmd: compileCompute
  api=4 insize=1806 outsize=2477 ok=1
Cmd: compileCompute
  api=15 insize=1806 outsize=4397 ok=1
Cmd: compileCompute
  api=9 insize=1806 outsize=4085 ok=1
Cmd: compileCompute
  api=4 insize=1539 outsize=2605 ok=1
Cmd: compileCompute
  api=4 insize=1539 outsize=2605 ok=1
Cmd: compileCompute
  api=15 insize=1539 outsize=4613 ok=1
Cmd: compileCompute
  api=9 insize=1539 outsize=4305 ok=1
Cmd: compileCompute
  api=4 insize=1510 outsize=2477 ok=1
Cmd: compileCompute
  api=4 insize=1510 outsize=2477 ok=1
Cmd: compileCompute
  api=15 insize=1510 outsize=4397 ok=1
Cmd: compileCompute
  api=9 insize=1510 outsize=4085 ok=1
Cmd: compileCompute
  api=4 insize=1510 outsize=2477 ok=1
Cmd: compileCompute
  api=4 insize=1510 outsize=2477 ok=1
Cmd: compileCompute
  api=15 insize=1510 outsize=4397 ok=1
Cmd: compileCompute
  api=9 insize=1510 outsize=4085 ok=1
Cmd: compileCompute
  api=4 insize=1668 outsize=2805 ok=1
Cmd: compileCompute
  api=4 insize=1668 outsize=2805 ok=1
Cmd: compileCompute
  api=15 insize=1668 outsize=5077 ok=1
Cmd: compileCompute
  api=9 insize=1668 outsize=4793 ok=1
Cmd: compileCompute
  api=4 insize=1698 outsize=2897 ok=1
Cmd: compileCompute
  api=4 insize=1698 outsize=2897 ok=1
Cmd: compileCompute
  api=15 insize=1698 outsize=5285 ok=1
Cmd: compileCompute
  api=9 insize=1698 outsize=5005 ok=1
Cmd: compileCompute
  api=4 insize=1698 outsize=1941 ok=1
Cmd: compileCompute
  api=4 insize=1698 outsize=1941 ok=1
Cmd: compileCompute
  api=15 insize=1698 outsize=3393 ok=1
Cmd: compileCompute
  api=9 insize=1698 outsize=3141 ok=1
Cmd: compileCompute
  api=4 insize=1646 outsize=1941 ok=1
Cmd: compileCompute
  api=4 insize=1646 outsize=1941 ok=1
Cmd: compileCompute
  api=15 insize=1646 outsize=3393 ok=1
Cmd: compileCompute
  api=9 insize=1646 outsize=3141 ok=1
Cmd: compileCompute
  api=4 insize=1646 outsize=2961 ok=1
Cmd: compileCompute
  api=4 insize=1646 outsize=2961 ok=1
Cmd: compileCompute
  api=15 insize=1646 outsize=5349 ok=1
Cmd: compileCompute
  api=9 insize=1646 outsize=5077 ok=1
Cmd: compileCompute
  api=4 insize=1534 outsize=2613 ok=1
Cmd: compileCompute
  api=4 insize=1534 outsize=2613 ok=1
Cmd: compileCompute
  api=15 insize=1534 outsize=4661 ok=1
Cmd: compileCompute
  api=9 insize=1534 outsize=4357 ok=1
Cmd: compileCompute
  api=4 insize=1689 outsize=2893 ok=1
Cmd: compileCompute
  api=4 insize=1689 outsize=2893 ok=1
Cmd: compileCompute
  api=15 insize=1689 outsize=5253 ok=1
Cmd: compileCompute
  api=9 insize=1689 outsize=4965 ok=1
Cmd: compileCompute
  api=4 insize=1689 outsize=2893 ok=1
Cmd: compileCompute
  api=4 insize=1689 outsize=2893 ok=1
Cmd: compileCompute
  api=15 insize=1689 outsize=5237 ok=1
Cmd: compileCompute
  api=9 insize=1689 outsize=4949 ok=1
Cmd: compileCompute
  api=4 insize=1709 outsize=2965 ok=1
Cmd: compileCompute
  api=4 insize=1709 outsize=2965 ok=1
Cmd: compileCompute
  api=15 insize=1709 outsize=5305 ok=1
Cmd: compileCompute
  api=9 insize=1709 outsize=5013 ok=1
